c:\users\wojtek\desktop\wr_project\debug\wr_project.ilk
c:\users\wojtek\desktop\wr_project\debug\wr_project.exe
c:\users\wojtek\desktop\wr_project\debug\wr_project.pdb
c:\users\wojtek\desktop\wr_project\wr_project\debug\wr_project.pch
c:\users\wojtek\desktop\wr_project\wr_project\debug\vc140.pdb
c:\users\wojtek\desktop\wr_project\wr_project\debug\vc140.idb
c:\users\wojtek\desktop\wr_project\wr_project\debug\stdafx.obj
c:\users\wojtek\desktop\wr_project\wr_project\debug\wr_project.obj
c:\users\wojtek\desktop\wr_project\wr_project\debug\login.obj
c:\users\wojtek\desktop\wr_project\wr_project\debug\md5.obj
j:\desktop\wr_project\wr_project\debug\vc140.idb
j:\desktop\wr_project\wr_project\debug\vc140.pdb
j:\desktop\wr_project\debug\wr_project.pdb
j:\desktop\wr_project\debug\wr_project.ilk
j:\desktop\wr_project\wr_project\debug\wr_project.tlog\link.read.1.tlog
j:\desktop\wr_project\wr_project\debug\wr_project.tlog\link.write.1.tlog
j:\desktop\wr_project\wr_project\debug\wr_project.tlog\cl.read.1.tlog
j:\desktop\wr_project\wr_project\debug\wr_project.tlog\cl.write.1.tlog
j:\desktop\wr_project\wr_project\debug\wr_project.tlog\cl.command.1.tlog
j:\desktop\wr_project\wr_project\debug\wr_project.tlog\link.command.1.tlog
